<?xml version="1.0" encoding="UTF-8"?>
<!-- Generated by org.testng.reporters.JUnitReportReporter -->
<testsuite hostname="MNJKUMSETT" failures="0" tests="5" name="tests.ProductTest" time="209.952" errors="0" timestamp="2026-03-31T10:29:58 IST" skipped="0">
  <testcase classname="tests.ProductTest" name="categoryTest" time="47.338"/>
  <testcase classname="tests.ProductTest" name="verifyProductsPageTitleTest" time="29.987"/>
  <testcase classname="tests.ProductTest" name="brandTest" time="36.170"/>
  <testcase classname="tests.ProductTest" name="addReviewTest" time="50.619"/>
  <testcase classname="tests.ProductTest" name="viewProductDetailsTest" time="45.838"/>
</testsuite> <!-- tests.ProductTest -->
