<?xml version="1.0" encoding="UTF-8"?>
<!-- Generated by org.testng.reporters.JUnitReportReporter -->
<testsuite hostname="MNJKUMSETT" failures="0" tests="5" name="tests.UITest" time="90.610" errors="0" timestamp="2026-03-31T11:07:06 IST" skipped="0">
  <testcase classname="tests.UITest" name="testSubscriptionHome" time="11.204"/>
  <testcase classname="tests.UITest" name="testContactForm" time="36.099"/>
  <testcase classname="tests.UITest" name="testScrollUpManual" time="12.660"/>
  <testcase classname="tests.UITest" name="testScrollUpArrow" time="11.913"/>
  <testcase classname="tests.UITest" name="testSubscriptionCart" time="18.734"/>
</testsuite> <!-- tests.UITest -->
