<?xml version="1.0" encoding="UTF-8"?>
<!-- Generated by org.testng.reporters.JUnitXMLReporter -->
<testsuite ignored="0" hostname="MNJKUMSETT" failures="2" tests="8" name="Tests" time="280.379" errors="0" timestamp="2026-03-31T11:15:19 IST">
  <testcase classname="tests.ProductTest" name="addReviewTest" time="29.669"/>
  <testcase classname="tests.ProductTest" name="brandTest" time="18.738"/>
  <testcase classname="tests.ProductTest" name="categoryTest" time="13.604"/>
  <testcase classname="tests.ProductTest" name="forceFailTest" time="12.918">
    <failure type="java.lang.AssertionError" message="expected [true] but found [false]">
      <![CDATA[java.lang.AssertionError: expected [true] but found [false]
at tests.ProductTest.forceFailTest(ProductTest.java:110)
at java.base/java.util.ArrayList.forEach(ArrayList.java:1511)
... Removed 31 stack frames]]>
    </failure>
  </testcase> <!-- forceFailTest -->
  <testcase classname="tests.ProductTest" name="verifyProductsPageTitleTest" time="17.466">
    <failure type="org.openqa.selenium.TimeoutException" message="Expected condition failed: waiting for base.BaseTest$$Lambda$676/0x0000029fd22c1848@3c33fcf8 (tried for 10 second(s) with 500 milliseconds interval)
Build info: version: &amp;apos;4.18.1&amp;apos;, revision: &amp;apos;b1d3319b48&amp;apos;
System info: os.name: &amp;apos;Windows 11&amp;apos;, os.arch: &amp;apos;amd64&amp;apos;, os.version: &amp;apos;10.0&amp;apos;, java.version: &amp;apos;17.0.11&amp;apos;
Driver info: org.openqa.selenium.chrome.ChromeDriver
Capabilities {acceptInsecureCerts: false, browserName: chrome, browserVersion: 146.0.7680.165, chrome: {chromedriverVersion: 146.0.7680.165 (4b989da09e1..., userDataDir: C:\Users\DELL\AppData\Local...}, fedcm:accounts: true, goog:chromeOptions: {debuggerAddress: localhost:65015}, goog:processID: 16780, networkConnectionEnabled: false, pageLoadStrategy: normal, platformName: windows, proxy: Proxy(), se:cdp: ws://localhost:65015/devtoo..., se:cdpVersion: 146.0.7680.165, setWindowRect: true, strictFileInteractability: false, timeouts: {implicit: 0, pageLoad: 300000, script: 30000}, unhandledPromptBehavior: dismiss and notify, webauthn:extension:credBlob: true, webauthn:extension:largeBlob: true, webauthn:extension:minPinLength: true, webauthn:extension:prf: true, webauthn:virtualAuthenticators: true}
Session ID: 57d0306ac77e4bf525599425460dc7db">
      <![CDATA[org.openqa.selenium.TimeoutException: Expected condition failed: waiting for base.BaseTest$$Lambda$676/0x0000029fd22c1848@3c33fcf8 (tried for 10 second(s) with 500 milliseconds interval)
Build info: version: '4.18.1', revision: 'b1d3319b48'
System info: os.name: 'Windows 11', os.arch: 'amd64', os.version: '10.0', java.version: '17.0.11'
Driver info: org.openqa.selenium.chrome.ChromeDriver
Capabilities {acceptInsecureCerts: false, browserName: chrome, browserVersion: 146.0.7680.165, chrome: {chromedriverVersion: 146.0.7680.165 (4b989da09e1..., userDataDir: C:\Users\DELL\AppData\Local...}, fedcm:accounts: true, goog:chromeOptions: {debuggerAddress: localhost:65015}, goog:processID: 16780, networkConnectionEnabled: false, pageLoadStrategy: normal, platformName: windows, proxy: Proxy(), se:cdp: ws://localhost:65015/devtoo..., se:cdpVersion: 146.0.7680.165, setWindowRect: true, strictFileInteractability: false, timeouts: {implicit: 0, pageLoad: 300000, script: 30000}, unhandledPromptBehavior: dismiss and notify, webauthn:extension:credBlob: true, webauthn:extension:largeBlob: true, webauthn:extension:minPinLength: true, webauthn:extension:prf: true, webauthn:virtualAuthenticators: true}
Session ID: 57d0306ac77e4bf525599425460dc7db
at org.openqa.selenium.support.ui.WebDriverWait.timeoutException(WebDriverWait.java:84)
at org.openqa.selenium.support.ui.FluentWait.until(FluentWait.java:228)
at base.BaseTest.waitForPageLoad(BaseTest.java:38)
at base.BaseTest.setup(BaseTest.java:27)
at tests.ProductTest.verifyProductsPageTitleTest(ProductTest.java:84)
at java.base/java.util.ArrayList.forEach(ArrayList.java:1511)
... Removed 27 stack frames]]>
    </failure>
  </testcase> <!-- verifyProductsPageTitleTest -->
  <testcase classname="tests.ProductTest" name="viewProductDetailsTest" time="45.107"/>
  <testcase classname="tests.LoginTest" name="testExistingEmail" time="15.408"/>
  <testcase classname="tests.LoginTest" name="testInvalidLogin" time="3.925"/>
</testsuite> <!-- Tests -->
